<?xml version="1.0" encoding="UTF-8" ?>
<testsuite failures="0" time="0.266" errors="2" skipped="0" tests="2" name="net.itransformers.snmptoolkit.WalkTestCase">
  <properties>
    <property name="java.runtime.name" value="Java(TM) SE Runtime Environment"/>
    <property name="sun.boot.library.path" value="/System/Library/Java/JavaVirtualMachines/1.6.0.jdk/Contents/Libraries"/>
    <property name="java.vm.version" value="20.65-b04-462"/>
    <property name="awt.nativeDoubleBuffering" value="true"/>
    <property name="gopherProxySet" value="false"/>
    <property name="mrj.build" value="11M4609"/>
    <property name="java.vm.vendor" value="Apple Inc."/>
    <property name="java.vendor.url" value="http://www.apple.com/"/>
    <property name="path.separator" value=":"/>
    <property name="java.vm.name" value="Java HotSpot(TM) 64-Bit Server VM"/>
    <property name="file.encoding.pkg" value="sun.io"/>
    <property name="user.country" value="US"/>
    <property name="sun.java.launcher" value="SUN_STANDARD"/>
    <property name="sun.os.patch.level" value="unknown"/>
    <property name="java.vm.specification.name" value="Java Virtual Machine Specification"/>
    <property name="user.dir" value="/Users/niau/snmp2xml/snmptoolkit"/>
    <property name="java.runtime.version" value="1.6.0_65-b14-462-11M4609"/>
    <property name="java.awt.graphicsenv" value="apple.awt.CGraphicsEnvironment"/>
    <property name="basedir" value="/Users/niau/snmp2xml/snmptoolkit"/>
    <property name="java.endorsed.dirs" value="/System/Library/Java/JavaVirtualMachines/1.6.0.jdk/Contents/Home/lib/endorsed"/>
    <property name="os.arch" value="x86_64"/>
    <property name="surefire.real.class.path" value="/Users/niau/snmp2xml/snmptoolkit/target/surefire/surefirebooter4760773690113346150.jar"/>
    <property name="java.io.tmpdir" value="/var/folders/m9/0wt47gqd2jd2km5xsz6ss7vm0000gn/T/"/>
    <property name="line.separator" value="
"/>
    <property name="java.vm.specification.vendor" value="Sun Microsystems Inc."/>
    <property name="os.name" value="Mac OS X"/>
    <property name="sun.jnu.encoding" value="MacRoman"/>
    <property name="java.library.path" value="/Applications/IntelliJ IDEA 11 CE.app/Contents/Resources/Java:/System/Library/PrivateFrameworks/JavaApplicationLauncher.framework/Resources:.:/Users/niau/Library/Java/Extensions:/Library/Java/Extensions:/System/Library/Java/Extensions:/usr/lib/java"/>
    <property name="surefire.test.class.path" value="/Users/niau/snmp2xml/snmptoolkit/target/test-classes:/Users/niau/snmp2xml/snmptoolkit/target/classes:/Users/niau/.m2/repository/snmp/mibble-parser/2.9.2/mibble-parser-2.9.2.jar:/Users/niau/.m2/repository/snmp/mibble-mibs/2.9.2/mibble-mibs-2.9.2.jar:/Users/niau/.m2/repository/snmp/grammatica/1.5/grammatica-1.5.jar:/Users/niau/.m2/repository/org/snmp4j/snmp4j/1.11.2/snmp4j-1.11.2.jar:/Users/niau/.m2/repository/net/sourceforge/saxon/saxon/9.1.0.8/saxon-9.1.0.8.jar:/Users/niau/.m2/repository/org/apache/commons/commons-io/1.3.2/commons-io-1.3.2.jar:/Users/niau/.m2/repository/junit/junit/4.8.2/junit-4.8.2.jar:/Users/niau/.m2/repository/log4j/log4j/1.2.16/log4j-1.2.16.jar:"/>
    <property name="java.specification.name" value="Java Platform API Specification"/>
    <property name="java.class.version" value="50.0"/>
    <property name="sun.management.compiler" value="HotSpot 64-Bit Tiered Compilers"/>
    <property name="os.version" value="10.7.5"/>
    <property name="http.nonProxyHosts" value="local|*.local|169.254/16|*.169.254/16"/>
    <property name="user.home" value="/Users/niau"/>
    <property name="user.timezone" value="Europe/Sofia"/>
    <property name="java.awt.printerjob" value="apple.awt.CPrinterJob"/>
    <property name="java.specification.version" value="1.6"/>
    <property name="file.encoding" value="MacRoman"/>
    <property name="user.name" value="niau"/>
    <property name="java.class.path" value="/Users/niau/snmp2xml/snmptoolkit/target/test-classes:/Users/niau/snmp2xml/snmptoolkit/target/classes:/Users/niau/.m2/repository/snmp/mibble-parser/2.9.2/mibble-parser-2.9.2.jar:/Users/niau/.m2/repository/snmp/mibble-mibs/2.9.2/mibble-mibs-2.9.2.jar:/Users/niau/.m2/repository/snmp/grammatica/1.5/grammatica-1.5.jar:/Users/niau/.m2/repository/org/snmp4j/snmp4j/1.11.2/snmp4j-1.11.2.jar:/Users/niau/.m2/repository/net/sourceforge/saxon/saxon/9.1.0.8/saxon-9.1.0.8.jar:/Users/niau/.m2/repository/org/apache/commons/commons-io/1.3.2/commons-io-1.3.2.jar:/Users/niau/.m2/repository/junit/junit/4.8.2/junit-4.8.2.jar:/Users/niau/.m2/repository/log4j/log4j/1.2.16/log4j-1.2.16.jar:"/>
    <property name="java.vm.specification.version" value="1.0"/>
    <property name="sun.arch.data.model" value="64"/>
    <property name="java.home" value="/System/Library/Java/JavaVirtualMachines/1.6.0.jdk/Contents/Home"/>
    <property name="sun.java.command" value="/Users/niau/snmp2xml/snmptoolkit/target/surefire/surefirebooter4760773690113346150.jar /Users/niau/snmp2xml/snmptoolkit/target/surefire/surefire626087296388832936tmp /Users/niau/snmp2xml/snmptoolkit/target/surefire/surefire9134477414313694711tmp"/>
    <property name="java.specification.vendor" value="Sun Microsystems Inc."/>
    <property name="user.language" value="en"/>
    <property name="awt.toolkit" value="apple.awt.CToolkit"/>
    <property name="java.vm.info" value="mixed mode"/>
    <property name="java.version" value="1.6.0_65"/>
    <property name="java.ext.dirs" value="/Users/niau/Library/Java/Extensions:/Library/Java/Extensions:/System/Library/Java/Extensions:/System/Library/Java/JavaVirtualMachines/1.6.0.jdk/Contents/Home/lib/ext"/>
    <property name="sun.boot.class.path" value="/System/Library/Java/JavaVirtualMachines/1.6.0.jdk/Contents/Classes/jsfd.jar:/System/Library/Java/JavaVirtualMachines/1.6.0.jdk/Contents/Classes/classes.jar:/System/Library/Frameworks/JavaVM.framework/Frameworks/JavaRuntimeSupport.framework/Resources/Java/JavaRuntimeSupport.jar:/System/Library/Java/JavaVirtualMachines/1.6.0.jdk/Contents/Classes/ui.jar:/System/Library/Java/JavaVirtualMachines/1.6.0.jdk/Contents/Classes/laf.jar:/System/Library/Java/JavaVirtualMachines/1.6.0.jdk/Contents/Classes/sunrsasign.jar:/System/Library/Java/JavaVirtualMachines/1.6.0.jdk/Contents/Classes/jsse.jar:/System/Library/Java/JavaVirtualMachines/1.6.0.jdk/Contents/Classes/jce.jar:/System/Library/Java/JavaVirtualMachines/1.6.0.jdk/Contents/Classes/charsets.jar"/>
    <property name="java.vendor" value="Apple Inc."/>
    <property name="localRepository" value="/Users/niau/.m2/repository"/>
    <property name="file.separator" value="/"/>
    <property name="java.vendor.url.bug" value="http://bugreport.apple.com/"/>
    <property name="sun.cpu.endian" value="little"/>
    <property name="sun.io.unicode.encoding" value="UnicodeLittle"/>
    <property name="mrj.version" value="1070.1.6.0_65-462"/>
    <property name="socksNonProxyHosts" value="local|*.local|169.254/16|*.169.254/16"/>
    <property name="ftp.nonProxyHosts" value="local|*.local|169.254/16|*.169.254/16"/>
    <property name="sun.cpu.isalist" value=""/>
  </properties>
  <testcase time="0.184" classname="net.itransformers.snmptoolkit.WalkTestCase" name="aptiloTestWalk">
    <error message="Can not load mib files from dir: /Users/niau/snmp2xml/snmptoolkit/snmptoolkit/mibs" type="java.io.IOException">java.io.IOException: Can not load mib files from dir: /Users/niau/snmp2xml/snmptoolkit/snmptoolkit/mibs
	at net.itransformers.snmptoolkit.MibLoaderHolder.&lt;init&gt;(MibLoaderHolder.java:49)
	at net.itransformers.snmptoolkit.Walk.&lt;init&gt;(Walk.java:72)
	at net.itransformers.snmptoolkit.WalkTestCase.aptiloTestWalk(WalkTestCase.java:72)
	at sun.reflect.NativeMethodAccessorImpl.invoke0(Native Method)
	at sun.reflect.NativeMethodAccessorImpl.invoke(NativeMethodAccessorImpl.java:39)
	at sun.reflect.DelegatingMethodAccessorImpl.invoke(DelegatingMethodAccessorImpl.java:25)
	at java.lang.reflect.Method.invoke(Method.java:597)
	at org.junit.runners.model.FrameworkMethod$1.runReflectiveCall(FrameworkMethod.java:44)
	at org.junit.internal.runners.model.ReflectiveCallable.run(ReflectiveCallable.java:15)
	at org.junit.runners.model.FrameworkMethod.invokeExplosively(FrameworkMethod.java:41)
	at org.junit.internal.runners.statements.InvokeMethod.evaluate(InvokeMethod.java:20)
	at org.junit.runners.BlockJUnit4ClassRunner.runNotIgnored(BlockJUnit4ClassRunner.java:79)
	at org.junit.runners.BlockJUnit4ClassRunner.runChild(BlockJUnit4ClassRunner.java:71)
	at org.junit.runners.BlockJUnit4ClassRunner.runChild(BlockJUnit4ClassRunner.java:49)
	at org.junit.runners.ParentRunner$3.run(ParentRunner.java:193)
	at org.junit.runners.ParentRunner$1.schedule(ParentRunner.java:52)
	at org.junit.runners.ParentRunner.runChildren(ParentRunner.java:191)
	at org.junit.runners.ParentRunner.access$000(ParentRunner.java:42)
	at org.junit.runners.ParentRunner$2.evaluate(ParentRunner.java:184)
	at org.junit.runners.ParentRunner.run(ParentRunner.java:236)
	at org.apache.maven.surefire.junit4.JUnit4TestSet.execute(JUnit4TestSet.java:35)
	at org.apache.maven.surefire.junit4.JUnit4Provider.executeTestSet(JUnit4Provider.java:115)
	at org.apache.maven.surefire.junit4.JUnit4Provider.invoke(JUnit4Provider.java:97)
	at sun.reflect.NativeMethodAccessorImpl.invoke0(Native Method)
	at sun.reflect.NativeMethodAccessorImpl.invoke(NativeMethodAccessorImpl.java:39)
	at sun.reflect.DelegatingMethodAccessorImpl.invoke(DelegatingMethodAccessorImpl.java:25)
	at java.lang.reflect.Method.invoke(Method.java:597)
	at org.apache.maven.surefire.booter.ProviderFactory$ClassLoaderProxy.invoke(ProviderFactory.java:103)
	at com.sun.proxy.$Proxy0.invoke(Unknown Source)
	at org.apache.maven.surefire.booter.SurefireStarter.invokeProvider(SurefireStarter.java:150)
	at org.apache.maven.surefire.booter.SurefireStarter.runSuitesInProcess(SurefireStarter.java:91)
	at org.apache.maven.surefire.booter.ForkedBooter.main(ForkedBooter.java:69)
</error>
    <system-out>@HL
@HL-------------------------------------------------------
@HL T E S T S
@HL-------------------------------------------------------
@SLRunning net.itransformers.snmptoolkit.WalkTestCase
05-21@22:53:33    - Can not load mib files from dir: snmptoolkit/mibs
05-21@22:53:33    - Can not load mib files from dir: snmptoolkit/mibs
05-21@22:53:33    - Can not load mib files from dir: snmptoolkit/mibs
</system-out>
    <system-err>log4j:WARN No such property [maxFileSize] in org.apache.log4j.FileAppender.
log4j:WARN No such property [maxBackupIndex] in org.apache.log4j.FileAppender.
log4j:WARN No such property [maxFileSize] in org.apache.log4j.FileAppender.
log4j:WARN No such property [maxBackupIndex] in org.apache.log4j.FileAppender.
</system-err>
  </testcase>
  <testcase time="0.003" classname="net.itransformers.snmptoolkit.WalkTestCase" name="ciscoTestWalk">
    <error message="Can not load mib files from dir: /Users/niau/snmp2xml/snmptoolkit/snmptoolkit/mibs" type="java.io.IOException">java.io.IOException: Can not load mib files from dir: /Users/niau/snmp2xml/snmptoolkit/snmptoolkit/mibs
	at net.itransformers.snmptoolkit.MibLoaderHolder.&lt;init&gt;(MibLoaderHolder.java:49)
	at net.itransformers.snmptoolkit.Walk.&lt;init&gt;(Walk.java:72)
	at net.itransformers.snmptoolkit.WalkTestCase.ciscoTestWalk(WalkTestCase.java:95)
	at sun.reflect.NativeMethodAccessorImpl.invoke0(Native Method)
	at sun.reflect.NativeMethodAccessorImpl.invoke(NativeMethodAccessorImpl.java:39)
	at sun.reflect.DelegatingMethodAccessorImpl.invoke(DelegatingMethodAccessorImpl.java:25)
	at java.lang.reflect.Method.invoke(Method.java:597)
	at org.junit.runners.model.FrameworkMethod$1.runReflectiveCall(FrameworkMethod.java:44)
	at org.junit.internal.runners.model.ReflectiveCallable.run(ReflectiveCallable.java:15)
	at org.junit.runners.model.FrameworkMethod.invokeExplosively(FrameworkMethod.java:41)
	at org.junit.internal.runners.statements.InvokeMethod.evaluate(InvokeMethod.java:20)
	at org.junit.runners.BlockJUnit4ClassRunner.runNotIgnored(BlockJUnit4ClassRunner.java:79)
	at org.junit.runners.BlockJUnit4ClassRunner.runChild(BlockJUnit4ClassRunner.java:71)
	at org.junit.runners.BlockJUnit4ClassRunner.runChild(BlockJUnit4ClassRunner.java:49)
	at org.junit.runners.ParentRunner$3.run(ParentRunner.java:193)
	at org.junit.runners.ParentRunner$1.schedule(ParentRunner.java:52)
	at org.junit.runners.ParentRunner.runChildren(ParentRunner.java:191)
	at org.junit.runners.ParentRunner.access$000(ParentRunner.java:42)
	at org.junit.runners.ParentRunner$2.evaluate(ParentRunner.java:184)
	at org.junit.runners.ParentRunner.run(ParentRunner.java:236)
	at org.apache.maven.surefire.junit4.JUnit4TestSet.execute(JUnit4TestSet.java:35)
	at org.apache.maven.surefire.junit4.JUnit4Provider.executeTestSet(JUnit4Provider.java:115)
	at org.apache.maven.surefire.junit4.JUnit4Provider.invoke(JUnit4Provider.java:97)
	at sun.reflect.NativeMethodAccessorImpl.invoke0(Native Method)
	at sun.reflect.NativeMethodAccessorImpl.invoke(NativeMethodAccessorImpl.java:39)
	at sun.reflect.DelegatingMethodAccessorImpl.invoke(DelegatingMethodAccessorImpl.java:25)
	at java.lang.reflect.Method.invoke(Method.java:597)
	at org.apache.maven.surefire.booter.ProviderFactory$ClassLoaderProxy.invoke(ProviderFactory.java:103)
	at com.sun.proxy.$Proxy0.invoke(Unknown Source)
	at org.apache.maven.surefire.booter.SurefireStarter.invokeProvider(SurefireStarter.java:150)
	at org.apache.maven.surefire.booter.SurefireStarter.runSuitesInProcess(SurefireStarter.java:91)
	at org.apache.maven.surefire.booter.ForkedBooter.main(ForkedBooter.java:69)
</error>
    <system-out>05-21@22:53:33    - Can not load mib files from dir: snmptoolkit/mibs
05-21@22:53:33    - Can not load mib files from dir: snmptoolkit/mibs
05-21@22:53:33    - Can not load mib files from dir: snmptoolkit/mibs
</system-out>
  </testcase>
</testsuite>